<?xml version="1.0" encoding="UTF-8"?>
<!-- Generated by org.testng.reporters.JUnitReportReporter -->
<testsuite hostname="DESKTOP-2SG1Q0D" failures="0" tests="1" name="com.sourav.ui.testcases.GoogleTest" time="9.878" errors="0" timestamp="2024-08-25T12:11:38 IST" skipped="0">
  <testcase classname="com.sourav.ui.testcases.GoogleTest" name="LaunchGoogle" time="9.878"/>
  <system-out/>
</testsuite> <!-- com.sourav.ui.testcases.GoogleTest -->
