<?xml version="1.0" encoding="UTF-8"?>
<!-- Generated by org.testng.reporters.JUnitReportReporter -->
<testsuite hostname="DESKTOP-2SG1Q0D" failures="0" tests="4" name="com.sourav.ui.testcases.GoogleTest2" time="0.668" errors="0" timestamp="2024-09-02T00:12:41 IST" skipped="0">
  <testcase classname="com.sourav.ui.testcases.GoogleTest2" name="dataTest" time="0.125"/>
  <system-out/>
  <testcase classname="com.sourav.ui.testcases.GoogleTest2" name="dataTest" time="0.110"/>
  <system-out/>
  <testcase classname="com.sourav.ui.testcases.GoogleTest2" name="dataTest" time="0.132"/>
  <system-out/>
  <testcase classname="com.sourav.ui.testcases.GoogleTest2" name="dataTest" time="0.301"/>
  <system-out/>
</testsuite> <!-- com.sourav.ui.testcases.GoogleTest2 -->
