<?xml version="1.0" encoding="UTF-8"?>
<!-- Generated by org.testng.reporters.JUnitReportReporter -->
<testsuite hostname="DESKTOP-2SG1Q0D" failures="0" tests="1" name="com.sourav.ui.testcases.OranceHRMTest2" time="16.047" errors="0" timestamp="2024-09-02T00:12:41 IST" skipped="0">
  <testcase classname="com.sourav.ui.testcases.OranceHRMTest2" name="OrangeTestLoginValidation" time="16.047"/>
  <system-out/>
</testsuite> <!-- com.sourav.ui.testcases.OranceHRMTest2 -->
