<?xml version="1.0" encoding="UTF-8"?>
<!-- Generated by org.testng.reporters.JUnitReportReporter -->
<testsuite hostname="DESKTOP-2SG1Q0D" failures="0" tests="3" name="com.employeeapi.testCases.TC003_Post_Employee_Record" time="0.037" errors="0" timestamp="2024-08-31T18:20:56 IST" skipped="0">
  <testcase classname="com.employeeapi.testCases.TC003_Post_Employee_Record" name="checkstatusLine" time="0.008"/>
  <system-out/>
  <testcase classname="com.employeeapi.testCases.TC003_Post_Employee_Record" name="checkStatusCode" time="0.002"/>
  <system-out/>
  <testcase classname="com.employeeapi.testCases.TC003_Post_Employee_Record" name="checkResposeBody" time="0.027"/>
  <system-out/>
</testsuite> <!-- com.employeeapi.testCases.TC003_Post_Employee_Record -->
