<?xml version="1.0" encoding="UTF-8"?>
<!-- Generated by org.testng.reporters.JUnitReportReporter -->
<testsuite hostname="DESKTOP-2SG1Q0D" failures="0" tests="1" name="com.sourav.ui.testcases.Assertion" time="0.043" errors="0" timestamp="2024-08-25T17:02:10 IST" skipped="0">
  <testcase classname="com.sourav.ui.testcases.Assertion" name="testAssertion" time="0.043"/>
  <system-out/>
</testsuite> <!-- com.sourav.ui.testcases.Assertion -->
