<?xml version="1.0" encoding="UTF-8"?>
<!-- Generated by org.testng.reporters.JUnitReportReporter -->
<testsuite hostname="DESKTOP-2SG1Q0D" failures="0" tests="1" name="com.sourav.ui.testcases.Docker3" time="166.724" errors="0" timestamp="2024-09-02T23:07:03 IST" skipped="0">
  <testcase classname="com.sourav.ui.testcases.Docker3" name="runDocker" time="166.724"/>
  <system-out/>
</testsuite> <!-- com.sourav.ui.testcases.Docker3 -->
