<?xml version="1.0" encoding="UTF-8"?>
<!-- Generated by org.testng.reporters.JUnitReportReporter -->
<testsuite hostname="DESKTOP-2SG1Q0D" failures="0" tests="3" name="com.employeeapi.testCases.TC004_Put_Employee_Record" time="0.072" errors="0" timestamp="2024-08-31T18:22:21 IST" skipped="0">
  <testcase classname="com.employeeapi.testCases.TC004_Put_Employee_Record" name="checkstatusLine" time="0.006"/>
  <system-out/>
  <testcase classname="com.employeeapi.testCases.TC004_Put_Employee_Record" name="checkStatusCode" time="0.010"/>
  <system-out/>
  <testcase classname="com.employeeapi.testCases.TC004_Put_Employee_Record" name="checkResposeBody" time="0.056"/>
  <system-out/>
</testsuite> <!-- com.employeeapi.testCases.TC004_Put_Employee_Record -->
