<?xml version="1.0" encoding="UTF-8"?>
<!-- Generated by org.testng.reporters.JUnitReportReporter -->
<testsuite hostname="DESKTOP-2SG1Q0D" failures="0" tests="4" name="com.sourav.ui.testcases.GoogleTest2" time="0.853" errors="0" timestamp="2024-08-31T17:53:50 IST" skipped="0">
  <testcase classname="com.sourav.ui.testcases.GoogleTest2" name="dataTest" time="0.434"/>
  <system-out/>
  <testcase classname="com.sourav.ui.testcases.GoogleTest2" name="dataTest" time="0.138"/>
  <system-out/>
  <testcase classname="com.sourav.ui.testcases.GoogleTest2" name="dataTest" time="0.150"/>
  <system-out/>
  <testcase classname="com.sourav.ui.testcases.GoogleTest2" name="dataTest" time="0.131"/>
  <system-out/>
</testsuite> <!-- com.sourav.ui.testcases.GoogleTest2 -->
