<?xml version="1.0" encoding="UTF-8"?>
<!-- Generated by org.testng.reporters.JUnitReportReporter -->
<testsuite hostname="DESKTOP-2SG1Q0D" failures="0" tests="3" name="cucumber.StepRunner" time="6.938" errors="0" timestamp="2024-08-31T20:18:10 IST" skipped="0">
  <testcase classname="cucumber.StepRunner" name="runScenario" time="0.982"/>
  <system-out/>
  <testcase classname="cucumber.StepRunner" name="runScenario" time="0.909"/>
  <system-out/>
  <testcase classname="cucumber.StepRunner" name="runScenario" time="5.047"/>
  <system-out/>
</testsuite> <!-- cucumber.StepRunner -->
