<?xml version="1.0" encoding="UTF-8"?>
<!-- Generated by org.testng.reporters.JUnitReportReporter -->
<testsuite hostname="DESKTOP-2SG1Q0D" failures="0" tests="1" name="com.sourav.ui.testcases.DatabaseTest" time="0.659" errors="0" timestamp="2024-08-25T11:43:57 IST" skipped="0">
  <testcase classname="com.sourav.ui.testcases.DatabaseTest" name="testDatabase" time="0.659"/>
  <system-out/>
</testsuite> <!-- com.sourav.ui.testcases.DatabaseTest -->
